2023-06-04 16:32:28 - INFO: starting 10 workers
2023-06-04 16:32:28 - INFO: Actix runtime found; starting in Actix runtime
2023-06-04 16:32:38 - ERROR: An error occurred in the get_todos_by_id function. The error: Record not found
2023-06-04 16:32:38 - INFO: 127.0.0.1 "GET /api/todos/bb67b44e-b4ad-491a-9f12-76103f8c1bd7f HTTP/1.1" 404 14 "-" "PostmanRuntime/7.28.4" 0.194680
2023-06-04 16:33:07 - INFO: 127.0.0.1 "GET /api/todos/bb67b44e-b4ad-491a-9f12-76103f8c1bd7 HTTP/1.1" 200 187 "-" "PostmanRuntime/7.28.4" 0.011916
2023-06-04 16:35:02 - INFO: SIGINT received; starting forced shutdown
2023-06-04 16:35:02 - INFO: accept thread stopped
2023-06-04 16:35:02 - INFO: shutting down idle worker
2023-06-04 16:35:02 - INFO: shutting down idle worker
2023-06-04 16:35:02 - INFO: shutting down idle worker
2023-06-04 16:35:02 - INFO: shutting down idle worker
2023-06-04 16:35:02 - INFO: shutting down idle worker
2023-06-04 16:35:02 - INFO: shutting down idle worker
2023-06-04 16:35:02 - INFO: shutting down idle worker
2023-06-04 16:35:02 - INFO: shutting down idle worker
2023-06-04 16:35:02 - INFO: shutting down idle worker
2023-06-04 16:35:02 - INFO: shutting down idle worker
2023-06-04 16:35:09 - INFO: starting 10 workers
2023-06-04 16:35:09 - INFO: Actix runtime found; starting in Actix runtime
2023-06-04 17:22:40 - INFO: SIGINT received; starting forced shutdown
2023-06-04 17:22:40 - INFO: accept thread stopped
2023-06-04 17:22:40 - INFO: shutting down idle worker
2023-06-04 17:22:40 - INFO: shutting down idle worker
2023-06-04 17:22:40 - INFO: shutting down idle worker
2023-06-04 17:22:40 - INFO: shutting down idle worker
2023-06-04 17:22:40 - INFO: shutting down idle worker
2023-06-04 17:22:40 - INFO: shutting down idle worker
2023-06-04 17:22:40 - INFO: shutting down idle worker
2023-06-04 17:22:40 - INFO: shutting down idle worker
2023-06-04 17:22:40 - INFO: shutting down idle worker
2023-06-04 17:22:40 - INFO: shutting down idle worker
2023-06-04 17:22:48 - INFO: starting 10 workers
2023-06-04 17:22:48 - INFO: Actix runtime found; starting in Actix runtime
2023-06-04 17:22:58 - INFO: 127.0.0.1 "GET /health HTTP/1.1" 200 66 "-" "PostmanRuntime/7.28.4" 0.000541
2023-06-04 17:23:14 - ERROR: An error occurred in the get_todos_by_id function. The error: Record not found
2023-06-04 17:23:14 - INFO: 127.0.0.1 "GET /api/todos/bb67b44e-b4ad-491a-9f12-76103f8c1bd7f HTTP/1.1" 404 14 "-" "PostmanRuntime/7.28.4" 0.181149
2023-06-04 17:23:19 - INFO: 127.0.0.1 "GET /api/todos/bb67b44e-b4ad-491a-9f12-76103f8c1bd7 HTTP/1.1" 200 187 "-" "PostmanRuntime/7.28.4" 0.005232
2023-06-04 17:42:48 - INFO: SIGINT received; starting forced shutdown
2023-06-04 17:42:48 - INFO: shutting down idle worker
2023-06-04 17:42:48 - INFO: shutting down idle worker
2023-06-04 17:42:48 - INFO: shutting down idle worker
2023-06-04 17:42:48 - INFO: accept thread stopped
2023-06-04 17:42:48 - INFO: shutting down idle worker
2023-06-04 17:42:48 - INFO: shutting down idle worker
2023-06-04 17:42:48 - INFO: shutting down idle worker
2023-06-04 17:42:48 - INFO: shutting down idle worker
2023-06-04 17:42:48 - INFO: shutting down idle worker
2023-06-04 17:42:48 - INFO: shutting down idle worker
2023-06-04 17:42:48 - INFO: shutting down idle worker
2023-06-04 17:53:06 - INFO: starting 10 workers
2023-06-04 17:53:06 - INFO: Actix runtime found; starting in Actix runtime
2023-06-04 17:53:14 - INFO: 127.0.0.1 "GET /api/todos/bb67b44e-b4ad-491a-9f12-76103f8c1bd7 HTTP/1.1" 200 187 "-" "PostmanRuntime/7.28.4" 0.181004
2023-06-05 17:09:30 - INFO: SIGINT received; starting forced shutdown
2023-06-05 17:09:30 - INFO: accept thread stopped
2023-06-05 17:09:30 - INFO: shutting down idle worker
2023-06-05 17:09:30 - INFO: shutting down idle worker
2023-06-05 17:09:30 - INFO: shutting down idle worker
2023-06-05 17:09:30 - INFO: shutting down idle worker
2023-06-05 17:09:30 - INFO: shutting down idle worker
2023-06-05 17:09:30 - INFO: shutting down idle worker
2023-06-05 17:09:30 - INFO: shutting down idle worker
2023-06-05 17:09:30 - INFO: shutting down idle worker
2023-06-05 17:09:30 - INFO: shutting down idle worker
2023-06-05 17:09:30 - INFO: shutting down idle worker
2023-06-05 19:42:59 - INFO: starting 10 workers
2023-06-05 19:42:59 - INFO: Actix runtime found; starting in Actix runtime
2023-06-05 19:43:43 - INFO: starting 10 workers
2023-06-05 19:43:43 - INFO: Actix runtime found; starting in Actix runtime
2023-06-06 22:37:19 - INFO: starting 10 workers
2023-06-06 22:37:19 - INFO: Actix runtime found; starting in Actix runtime
2023-06-06 22:38:59 - INFO: 127.0.0.1 "POST /api/v2/auth/register HTTP/1.1" 400 18 "-" "PostmanRuntime/7.28.4" 0.000539
2023-06-06 22:40:22 - INFO: 127.0.0.1 "POST /api/v2/auth/register HTTP/1.1" 200 297 "-" "PostmanRuntime/7.28.4" 0.594850
2023-06-06 23:01:24 - INFO: 127.0.0.1 "POST /api/v2/auth/register HTTP/1.1" 409 70 "-" "PostmanRuntime/7.28.4" 0.021410
2023-06-06 23:02:07 - INFO: 127.0.0.1 "POST /api/v2/auth/register HTTP/1.1" 409 70 "-" "PostmanRuntime/7.28.4" 0.026732
2023-06-06 23:02:48 - INFO: SIGINT received; starting forced shutdown
2023-06-06 23:02:48 - INFO: shutting down idle worker
2023-06-06 23:02:48 - INFO: shutting down idle worker
2023-06-06 23:02:48 - INFO: shutting down idle worker
2023-06-06 23:02:48 - INFO: shutting down idle worker
2023-06-06 23:02:48 - INFO: accept thread stopped
2023-06-06 23:02:48 - INFO: shutting down idle worker
2023-06-06 23:02:48 - INFO: shutting down idle worker
2023-06-06 23:02:48 - INFO: shutting down idle worker
2023-06-06 23:02:48 - INFO: shutting down idle worker
2023-06-06 23:02:48 - INFO: shutting down idle worker
2023-06-06 23:02:48 - INFO: shutting down idle worker
2023-06-06 23:02:55 - INFO: starting 10 workers
2023-06-06 23:02:55 - INFO: Actix runtime found; starting in Actix runtime
2023-06-06 23:03:01 - INFO: 127.0.0.1 "POST /api/v2/auth/register HTTP/1.1" 409 82 "-" "PostmanRuntime/7.28.4" 0.166171
2023-06-06 23:04:27 - INFO: 127.0.0.1 "POST /api/v2/auth/register HTTP/1.1" 400 64 "-" "PostmanRuntime/7.28.4" 0.000492
2023-06-06 23:04:42 - INFO: 127.0.0.1 "POST /api/v2/auth/register HTTP/1.1" 400 67 "-" "PostmanRuntime/7.28.4" 0.000390
2023-06-06 23:05:08 - INFO: 127.0.0.1 "POST /api/v2/auth/register HTTP/1.1" 400 67 "-" "PostmanRuntime/7.28.4" 0.000365
2023-06-06 23:05:13 - INFO: 127.0.0.1 "POST /api/v2/auth/register HTTP/1.1" 200 299 "-" "PostmanRuntime/7.28.4" 0.503899
2023-06-06 23:07:50 - INFO: SIGINT received; starting forced shutdown
2023-06-06 23:07:50 - INFO: shutting down idle worker
2023-06-06 23:07:50 - INFO: shutting down idle worker
2023-06-06 23:07:50 - INFO: shutting down idle worker
2023-06-06 23:07:50 - INFO: shutting down idle worker
2023-06-06 23:07:50 - INFO: accept thread stopped
2023-06-06 23:07:50 - INFO: shutting down idle worker
2023-06-06 23:07:50 - INFO: shutting down idle worker
2023-06-06 23:07:50 - INFO: shutting down idle worker
2023-06-06 23:07:50 - INFO: shutting down idle worker
2023-06-06 23:07:50 - INFO: shutting down idle worker
2023-06-06 23:07:50 - INFO: shutting down idle worker
2023-06-06 23:07:57 - INFO: starting 10 workers
2023-06-06 23:07:57 - INFO: Actix runtime found; starting in Actix runtime
2023-06-06 23:15:06 - INFO: SIGINT received; starting forced shutdown
2023-06-06 23:15:06 - INFO: accept thread stopped
2023-06-06 23:15:06 - INFO: shutting down idle worker
2023-06-06 23:15:06 - INFO: shutting down idle worker
2023-06-06 23:15:06 - INFO: shutting down idle worker
2023-06-06 23:15:06 - INFO: shutting down idle worker
2023-06-06 23:15:06 - INFO: shutting down idle worker
2023-06-06 23:15:06 - INFO: shutting down idle worker
2023-06-06 23:15:06 - INFO: shutting down idle worker
2023-06-06 23:15:06 - INFO: shutting down idle worker
2023-06-06 23:15:06 - INFO: shutting down idle worker
2023-06-06 23:15:06 - INFO: shutting down idle worker
2023-06-06 23:15:13 - INFO: starting 10 workers
2023-06-06 23:15:13 - INFO: Actix runtime found; starting in Actix runtime
2023-06-06 23:15:15 - INFO: 127.0.0.1 "POST /api/v2/auth/register HTTP/1.1" 409 82 "-" "PostmanRuntime/7.28.4" 0.156666
2023-06-06 23:15:29 - INFO: 127.0.0.1 "POST /api/v2/auth/register HTTP/1.1" 200 306 "-" "PostmanRuntime/7.28.4" 0.476008
2023-06-06 23:16:16 - INFO: 127.0.0.1 "POST /api/v2/auth/register HTTP/1.1" 409 82 "-" "PostmanRuntime/7.28.4" 0.024482
2023-06-06 23:16:24 - INFO: 127.0.0.1 "POST /api/v2/auth/register HTTP/1.1" 409 82 "-" "PostmanRuntime/7.28.4" 0.022881
2023-06-06 23:16:28 - INFO: 127.0.0.1 "POST /api/v2/auth/register HTTP/1.1" 200 307 "-" "PostmanRuntime/7.28.4" 0.490506
2023-06-06 23:34:15 - INFO: SIGINT received; starting forced shutdown
2023-06-06 23:34:15 - INFO: shutting down idle worker
2023-06-06 23:34:15 - INFO: shutting down idle worker
2023-06-06 23:34:15 - INFO: shutting down idle worker
2023-06-06 23:34:15 - INFO: shutting down idle worker
2023-06-06 23:34:15 - INFO: accept thread stopped
2023-06-06 23:34:15 - INFO: shutting down idle worker
2023-06-06 23:34:15 - INFO: shutting down idle worker
2023-06-06 23:34:15 - INFO: shutting down idle worker
2023-06-06 23:34:15 - INFO: shutting down idle worker
2023-06-06 23:34:15 - INFO: shutting down idle worker
2023-06-06 23:34:15 - INFO: shutting down idle worker
2023-06-06 23:35:07 - INFO: starting 10 workers
2023-06-06 23:35:07 - INFO: Actix runtime found; starting in Actix runtime
2023-06-06 23:35:26 - INFO: 127.0.0.1 "POST /api/v2/auth/login HTTP/1.1" 400 18 "-" "PostmanRuntime/7.28.4" 0.000610
2023-06-06 23:35:40 - INFO: 127.0.0.1 "POST /api/v2/auth/login HTTP/1.1" 400 67 "-" "PostmanRuntime/7.28.4" 0.000714
2023-06-06 23:35:57 - INFO: 127.0.0.1 "POST /api/v2/auth/login HTTP/1.1" 500 49 "-" "PostmanRuntime/7.28.4" 0.202715
2023-06-06 23:36:25 - INFO: 127.0.0.1 "POST /api/v2/auth/login HTTP/1.1" 500 49 "-" "PostmanRuntime/7.28.4" 0.479933
2023-06-06 23:37:05 - INFO: 127.0.0.1 "POST /api/v2/auth/login HTTP/1.1" 200 211 "-" "PostmanRuntime/7.28.4" 0.450401
2023-06-06 23:54:02 - INFO: SIGINT received; starting forced shutdown
2023-06-06 23:54:02 - INFO: shutting down idle worker
2023-06-06 23:54:02 - INFO: shutting down idle worker
2023-06-06 23:54:02 - INFO: accept thread stopped
2023-06-06 23:54:02 - INFO: shutting down idle worker
2023-06-06 23:54:02 - INFO: shutting down idle worker
2023-06-06 23:54:02 - INFO: shutting down idle worker
2023-06-06 23:54:02 - INFO: shutting down idle worker
2023-06-06 23:54:02 - INFO: shutting down idle worker
2023-06-06 23:54:02 - INFO: shutting down idle worker
2023-06-06 23:54:02 - INFO: shutting down idle worker
2023-06-06 23:54:02 - INFO: shutting down idle worker
2023-06-06 23:54:09 - INFO: starting 10 workers
2023-06-06 23:54:09 - INFO: Actix runtime found; starting in Actix runtime
2023-06-06 23:54:14 - INFO: 127.0.0.1 "POST /api/v2/auth/login HTTP/1.1" 200 211 "-" "PostmanRuntime/7.28.4" 0.603856
2023-06-06 23:54:21 - INFO: 127.0.0.1 "POST /api/v2/auth/login HTTP/1.1" 200 211 "-" "PostmanRuntime/7.28.4" 0.453907
2023-06-06 23:54:33 - ERROR: An error occurred in the login_user_service function. The error: IncorrectPassword
2023-06-06 23:54:33 - INFO: 127.0.0.1 "POST /api/v2/auth/login HTTP/1.1" 500 49 "-" "PostmanRuntime/7.28.4" 0.456162
2023-06-06 23:55:09 - INFO: SIGINT received; starting forced shutdown
2023-06-06 23:55:09 - INFO: accept thread stopped
2023-06-06 23:55:09 - INFO: shutting down idle worker
2023-06-06 23:55:09 - INFO: shutting down idle worker
2023-06-06 23:55:09 - INFO: shutting down idle worker
2023-06-06 23:55:09 - INFO: shutting down idle worker
2023-06-06 23:55:09 - INFO: shutting down idle worker
2023-06-06 23:55:09 - INFO: shutting down idle worker
2023-06-06 23:55:09 - INFO: shutting down idle worker
2023-06-06 23:55:09 - INFO: shutting down idle worker
2023-06-06 23:55:09 - INFO: shutting down idle worker
2023-06-06 23:55:09 - INFO: shutting down idle worker
2023-06-06 23:55:15 - INFO: starting 10 workers
2023-06-06 23:55:15 - INFO: Actix runtime found; starting in Actix runtime
2023-06-06 23:55:18 - ERROR: An error occurred in the login_user_service function. The error: IncorrectPassword
2023-06-06 23:55:18 - INFO: 127.0.0.1 "POST /api/v2/auth/login HTTP/1.1" 400 66 "-" "PostmanRuntime/7.28.4" 0.727392
2023-06-06 23:55:23 - INFO: 127.0.0.1 "POST /api/v2/auth/login HTTP/1.1" 200 211 "-" "PostmanRuntime/7.28.4" 0.467226
2023-06-06 23:55:30 - INFO: 127.0.0.1 "POST /api/v2/auth/login HTTP/1.1" 200 211 "-" "PostmanRuntime/7.28.4" 0.451724
2023-06-06 23:55:33 - INFO: 127.0.0.1 "POST /api/v2/auth/login HTTP/1.1" 200 211 "-" "PostmanRuntime/7.28.4" 0.454696
2023-06-06 23:55:37 - ERROR: An error occurred in the login_user_service function. The error: IncorrectPassword
2023-06-06 23:55:37 - INFO: 127.0.0.1 "POST /api/v2/auth/login HTTP/1.1" 400 66 "-" "PostmanRuntime/7.28.4" 0.437735
